Timing Analyzer report for music
Tue Apr 06 19:12:57 2021
Quartus Prime Version 20.1.0 Build 711 06/05/2020 SJ Lite Edition


---------------------
; Table of Contents ;
---------------------
  1. Legal Notice
  2. Timing Analyzer Summary
  3. Parallel Compilation
  4. Clocks
  5. Fmax Summary
  6. Setup Summary
  7. Hold Summary
  8. Recovery Summary
  9. Removal Summary
 10. Minimum Pulse Width Summary
 11. Setup: 'clock_music'
 12. Setup: 'clk_50'
 13. Hold: 'clk_50'
 14. Hold: 'clock_music'
 15. Setup Transfers
 16. Hold Transfers
 17. Report TCCS
 18. Report RSKM
 19. Unconstrained Paths Summary
 20. Clock Status Summary
 21. Unconstrained Input Ports
 22. Unconstrained Output Ports
 23. Unconstrained Input Ports
 24. Unconstrained Output Ports
 25. Timing Analyzer Messages



----------------
; Legal Notice ;
----------------
Copyright (C) 2020  Intel Corporation. All rights reserved.
Your use of Intel Corporation's design tools, logic functions 
and other software and tools, and any partner logic 
functions, and any output files from any of the foregoing 
(including device programming or simulation files), and any 
associated documentation or information are expressly subject 
to the terms and conditions of the Intel Program License 
Subscription Agreement, the Intel Quartus Prime License Agreement,
the Intel FPGA IP License Agreement, or other applicable license
agreement, including, without limitation, that your use is for
the sole purpose of programming logic devices manufactured by
Intel and sold by Intel or its authorized distributors.  Please
refer to the applicable agreement for further details, at
https://fpgasoftware.intel.com/eula.



+-----------------------------------------------------------------------------+
; Timing Analyzer Summary                                                     ;
+-----------------------+-----------------------------------------------------+
; Quartus Prime Version ; Version 20.1.0 Build 711 06/05/2020 SJ Lite Edition ;
; Timing Analyzer       ; Legacy Timing Analyzer                              ;
; Revision Name         ; music                                               ;
; Device Family         ; MAX V                                               ;
; Device Name           ; 5M1270ZT144C5                                       ;
; Timing Models         ; Final                                               ;
; Delay Model           ; Slow Model                                          ;
; Rise/Fall Delays      ; Unavailable                                         ;
+-----------------------+-----------------------------------------------------+


+------------------------------------------+
; Parallel Compilation                     ;
+----------------------------+-------------+
; Processors                 ; Number      ;
+----------------------------+-------------+
; Number detected on machine ; 8           ;
; Maximum allowed            ; 4           ;
;                            ;             ;
; Average used               ; 1.00        ;
; Maximum used               ; 1           ;
;                            ;             ;
; Usage by Processor         ; % Time Used ;
;     Processor 1            ; 100.0%      ;
+----------------------------+-------------+


+------------------------------------------------------------------------------------------------------------------------------------------------------------------------------------------+
; Clocks                                                                                                                                                                                   ;
+-------------+------+--------+------------+-------+-------+------------+-----------+-------------+-------+--------+-----------+------------+----------+--------+--------+-----------------+
; Clock Name  ; Type ; Period ; Frequency  ; Rise  ; Fall  ; Duty Cycle ; Divide by ; Multiply by ; Phase ; Offset ; Edge List ; Edge Shift ; Inverted ; Master ; Source ; Targets         ;
+-------------+------+--------+------------+-------+-------+------------+-----------+-------------+-------+--------+-----------+------------+----------+--------+--------+-----------------+
; clk_50      ; Base ; 1.000  ; 1000.0 MHz ; 0.000 ; 0.500 ;            ;           ;             ;       ;        ;           ;            ;          ;        ;        ; { clk_50 }      ;
; clock_music ; Base ; 1.000  ; 1000.0 MHz ; 0.000 ; 0.500 ;            ;           ;             ;       ;        ;           ;            ;          ;        ;        ; { clock_music } ;
+-------------+------+--------+------------+-------+-------+------------+-----------+-------------+-------+--------+-----------+------------+----------+--------+--------+-----------------+


+--------------------------------------------------+
; Fmax Summary                                     ;
+-----------+-----------------+-------------+------+
; Fmax      ; Restricted Fmax ; Clock Name  ; Note ;
+-----------+-----------------+-------------+------+
; 77.73 MHz ; 77.73 MHz       ; clock_music ;      ;
; 78.28 MHz ; 78.28 MHz       ; clk_50      ;      ;
+-----------+-----------------+-------------+------+
This panel reports FMAX for every clock in the design, regardless of the user-specified clock periods.  FMAX is only computed for paths where the source and destination registers or ports are driven by the same clock.  Paths of different clocks, including generated clocks, are ignored.  For paths between a clock and its inversion, FMAX is computed as if the rising and falling edges are scaled along with FMAX, such that the duty cycle (in terms of a percentage) is maintained. Altera recommends that you always use clock constraints and other slack reports for sign-off analysis.


+---------------------------------------+
; Setup Summary                         ;
+-------------+---------+---------------+
; Clock       ; Slack   ; End Point TNS ;
+-------------+---------+---------------+
; clock_music ; -11.865 ; -101.542      ;
; clk_50      ; -11.775 ; -596.927      ;
+-------------+---------+---------------+


+--------------------------------------+
; Hold Summary                         ;
+-------------+--------+---------------+
; Clock       ; Slack  ; End Point TNS ;
+-------------+--------+---------------+
; clk_50      ; -1.968 ; -1.968        ;
; clock_music ; 2.069  ; 0.000         ;
+-------------+--------+---------------+


--------------------
; Recovery Summary ;
--------------------
No paths to report.


-------------------
; Removal Summary ;
-------------------
No paths to report.


+--------------------------------------+
; Minimum Pulse Width Summary          ;
+-------------+--------+---------------+
; Clock       ; Slack  ; End Point TNS ;
+-------------+--------+---------------+
; clk_50      ; -2.289 ; -2.289        ;
; clock_music ; 0.234  ; 0.000         ;
+-------------+--------+---------------+


+---------------------------------------------------------------------------------------------------------------------+
; Setup: 'clock_music'                                                                                                ;
+---------+------------------+------------------+--------------+-------------+--------------+------------+------------+
; Slack   ; From Node        ; To Node          ; Launch Clock ; Latch Clock ; Relationship ; Clock Skew ; Data Delay ;
+---------+------------------+------------------+--------------+-------------+--------------+------------+------------+
; -11.865 ; count[3]         ; y_present.Re     ; clock_music  ; clock_music ; 1.000        ; 0.000      ; 12.532     ;
; -11.860 ; count[3]         ; y_present.Ga     ; clock_music  ; clock_music ; 1.000        ; 0.000      ; 12.527     ;
; -11.853 ; count[3]         ; y_present.Sa     ; clock_music  ; clock_music ; 1.000        ; 0.000      ; 12.520     ;
; -11.676 ; count[5]         ; y_present.Re     ; clock_music  ; clock_music ; 1.000        ; 0.000      ; 12.343     ;
; -11.671 ; count[5]         ; y_present.Ga     ; clock_music  ; clock_music ; 1.000        ; 0.000      ; 12.338     ;
; -11.664 ; count[5]         ; y_present.Sa     ; clock_music  ; clock_music ; 1.000        ; 0.000      ; 12.331     ;
; -11.466 ; count[4]         ; y_present.Re     ; clock_music  ; clock_music ; 1.000        ; 0.000      ; 12.133     ;
; -11.461 ; count[4]         ; y_present.Ga     ; clock_music  ; clock_music ; 1.000        ; 0.000      ; 12.128     ;
; -11.454 ; count[4]         ; y_present.Sa     ; clock_music  ; clock_music ; 1.000        ; 0.000      ; 12.121     ;
; -11.299 ; count[3]         ; y_present.Ni     ; clock_music  ; clock_music ; 1.000        ; 0.000      ; 11.966     ;
; -11.289 ; count[1]         ; y_present.Re     ; clock_music  ; clock_music ; 1.000        ; 0.000      ; 11.956     ;
; -11.284 ; count[1]         ; y_present.Ga     ; clock_music  ; clock_music ; 1.000        ; 0.000      ; 11.951     ;
; -11.277 ; count[1]         ; y_present.Sa     ; clock_music  ; clock_music ; 1.000        ; 0.000      ; 11.944     ;
; -11.253 ; count[0]         ; y_present.Re     ; clock_music  ; clock_music ; 1.000        ; 0.000      ; 11.920     ;
; -11.248 ; count[0]         ; y_present.Ga     ; clock_music  ; clock_music ; 1.000        ; 0.000      ; 11.915     ;
; -11.241 ; count[0]         ; y_present.Sa     ; clock_music  ; clock_music ; 1.000        ; 0.000      ; 11.908     ;
; -11.110 ; count[5]         ; y_present.Ni     ; clock_music  ; clock_music ; 1.000        ; 0.000      ; 11.777     ;
; -10.949 ; count[2]         ; y_present.Re     ; clock_music  ; clock_music ; 1.000        ; 0.000      ; 11.616     ;
; -10.944 ; count[2]         ; y_present.Ga     ; clock_music  ; clock_music ; 1.000        ; 0.000      ; 11.611     ;
; -10.937 ; count[2]         ; y_present.Sa     ; clock_music  ; clock_music ; 1.000        ; 0.000      ; 11.604     ;
; -10.900 ; count[4]         ; y_present.Ni     ; clock_music  ; clock_music ; 1.000        ; 0.000      ; 11.567     ;
; -10.723 ; count[1]         ; y_present.Ni     ; clock_music  ; clock_music ; 1.000        ; 0.000      ; 11.390     ;
; -10.722 ; count[3]         ; y_present.Silent ; clock_music  ; clock_music ; 1.000        ; 0.000      ; 11.389     ;
; -10.721 ; count[3]         ; y_present.Ma     ; clock_music  ; clock_music ; 1.000        ; 0.000      ; 11.388     ;
; -10.687 ; count[0]         ; y_present.Ni     ; clock_music  ; clock_music ; 1.000        ; 0.000      ; 11.354     ;
; -10.533 ; count[5]         ; y_present.Silent ; clock_music  ; clock_music ; 1.000        ; 0.000      ; 11.200     ;
; -10.532 ; count[5]         ; y_present.Ma     ; clock_music  ; clock_music ; 1.000        ; 0.000      ; 11.199     ;
; -10.392 ; y_present.Sa     ; y_present.Ga     ; clock_music  ; clock_music ; 1.000        ; 0.000      ; 11.059     ;
; -10.386 ; y_present.Ni     ; y_present.Ga     ; clock_music  ; clock_music ; 1.000        ; 0.000      ; 11.053     ;
; -10.385 ; y_present.Sa     ; y_present.Sa     ; clock_music  ; clock_music ; 1.000        ; 0.000      ; 11.052     ;
; -10.383 ; count[2]         ; y_present.Ni     ; clock_music  ; clock_music ; 1.000        ; 0.000      ; 11.050     ;
; -10.379 ; y_present.Ni     ; y_present.Sa     ; clock_music  ; clock_music ; 1.000        ; 0.000      ; 11.046     ;
; -10.323 ; count[4]         ; y_present.Silent ; clock_music  ; clock_music ; 1.000        ; 0.000      ; 10.990     ;
; -10.322 ; count[4]         ; y_present.Ma     ; clock_music  ; clock_music ; 1.000        ; 0.000      ; 10.989     ;
; -10.146 ; count[1]         ; y_present.Silent ; clock_music  ; clock_music ; 1.000        ; 0.000      ; 10.813     ;
; -10.145 ; count[1]         ; y_present.Ma     ; clock_music  ; clock_music ; 1.000        ; 0.000      ; 10.812     ;
; -10.110 ; count[0]         ; y_present.Silent ; clock_music  ; clock_music ; 1.000        ; 0.000      ; 10.777     ;
; -10.109 ; count[0]         ; y_present.Ma     ; clock_music  ; clock_music ; 1.000        ; 0.000      ; 10.776     ;
; -9.806  ; count[2]         ; y_present.Silent ; clock_music  ; clock_music ; 1.000        ; 0.000      ; 10.473     ;
; -9.805  ; count[2]         ; y_present.Ma     ; clock_music  ; clock_music ; 1.000        ; 0.000      ; 10.472     ;
; -9.358  ; y_present.Re     ; y_present.Re     ; clock_music  ; clock_music ; 1.000        ; 0.000      ; 10.025     ;
; -9.353  ; y_present.Re     ; y_present.Ga     ; clock_music  ; clock_music ; 1.000        ; 0.000      ; 10.020     ;
; -9.346  ; y_present.Re     ; y_present.Sa     ; clock_music  ; clock_music ; 1.000        ; 0.000      ; 10.013     ;
; -9.274  ; y_present.Sa     ; y_present.Re     ; clock_music  ; clock_music ; 1.000        ; 0.000      ; 9.941      ;
; -8.792  ; y_present.Re     ; y_present.Ni     ; clock_music  ; clock_music ; 1.000        ; 0.000      ; 9.459      ;
; -8.708  ; y_present.Sa     ; y_present.Ni     ; clock_music  ; clock_music ; 1.000        ; 0.000      ; 9.375      ;
; -8.299  ; y_present.Ga     ; y_present.Ga     ; clock_music  ; clock_music ; 1.000        ; 0.000      ; 8.966      ;
; -8.292  ; y_present.Ga     ; y_present.Sa     ; clock_music  ; clock_music ; 1.000        ; 0.000      ; 8.959      ;
; -8.215  ; y_present.Re     ; y_present.Silent ; clock_music  ; clock_music ; 1.000        ; 0.000      ; 8.882      ;
; -8.214  ; y_present.Re     ; y_present.Ma     ; clock_music  ; clock_music ; 1.000        ; 0.000      ; 8.881      ;
; -8.131  ; y_present.Sa     ; y_present.Silent ; clock_music  ; clock_music ; 1.000        ; 0.000      ; 8.798      ;
; -8.130  ; y_present.Sa     ; y_present.Ma     ; clock_music  ; clock_music ; 1.000        ; 0.000      ; 8.797      ;
; -7.553  ; y_present.Ma     ; y_present.Re     ; clock_music  ; clock_music ; 1.000        ; 0.000      ; 8.220      ;
; -7.548  ; y_present.Ma     ; y_present.Ga     ; clock_music  ; clock_music ; 1.000        ; 0.000      ; 8.215      ;
; -7.541  ; y_present.Ma     ; y_present.Sa     ; clock_music  ; clock_music ; 1.000        ; 0.000      ; 8.208      ;
; -7.499  ; y_present.Silent ; y_present.Re     ; clock_music  ; clock_music ; 1.000        ; 0.000      ; 8.166      ;
; -7.494  ; y_present.Silent ; y_present.Ga     ; clock_music  ; clock_music ; 1.000        ; 0.000      ; 8.161      ;
; -7.487  ; y_present.Silent ; y_present.Sa     ; clock_music  ; clock_music ; 1.000        ; 0.000      ; 8.154      ;
; -7.147  ; y_present.Ga     ; y_present.Re     ; clock_music  ; clock_music ; 1.000        ; 0.000      ; 7.814      ;
; -6.987  ; y_present.Ma     ; y_present.Ni     ; clock_music  ; clock_music ; 1.000        ; 0.000      ; 7.654      ;
; -6.933  ; y_present.Silent ; y_present.Ni     ; clock_music  ; clock_music ; 1.000        ; 0.000      ; 7.600      ;
; -6.581  ; y_present.Ga     ; y_present.Ni     ; clock_music  ; clock_music ; 1.000        ; 0.000      ; 7.248      ;
; -6.410  ; y_present.Ma     ; y_present.Silent ; clock_music  ; clock_music ; 1.000        ; 0.000      ; 7.077      ;
; -6.409  ; y_present.Ma     ; y_present.Ma     ; clock_music  ; clock_music ; 1.000        ; 0.000      ; 7.076      ;
; -6.408  ; y_present.Ni     ; y_present.Silent ; clock_music  ; clock_music ; 1.000        ; 0.000      ; 7.075      ;
; -6.356  ; y_present.Silent ; y_present.Silent ; clock_music  ; clock_music ; 1.000        ; 0.000      ; 7.023      ;
; -6.355  ; y_present.Silent ; y_present.Ma     ; clock_music  ; clock_music ; 1.000        ; 0.000      ; 7.022      ;
; -6.004  ; y_present.Ga     ; y_present.Silent ; clock_music  ; clock_music ; 1.000        ; 0.000      ; 6.671      ;
; -6.003  ; y_present.Ga     ; y_present.Ma     ; clock_music  ; clock_music ; 1.000        ; 0.000      ; 6.670      ;
; -5.771  ; y_present.Ni     ; y_present.Re     ; clock_music  ; clock_music ; 1.000        ; 0.000      ; 6.438      ;
; -5.537  ; count[5]         ; count[5]         ; clock_music  ; clock_music ; 1.000        ; 0.000      ; 6.204      ;
; -5.537  ; count[5]         ; count[4]         ; clock_music  ; clock_music ; 1.000        ; 0.000      ; 6.204      ;
; -5.537  ; count[5]         ; count[1]         ; clock_music  ; clock_music ; 1.000        ; 0.000      ; 6.204      ;
; -5.537  ; count[5]         ; count[0]         ; clock_music  ; clock_music ; 1.000        ; 0.000      ; 6.204      ;
; -5.537  ; count[5]         ; count[3]         ; clock_music  ; clock_music ; 1.000        ; 0.000      ; 6.204      ;
; -5.537  ; count[5]         ; count[2]         ; clock_music  ; clock_music ; 1.000        ; 0.000      ; 6.204      ;
; -4.822  ; y_present.Ni     ; y_present.Ni     ; clock_music  ; clock_music ; 1.000        ; 0.000      ; 5.489      ;
; -4.577  ; count[3]         ; count[5]         ; clock_music  ; clock_music ; 1.000        ; 0.000      ; 5.244      ;
; -4.577  ; count[3]         ; count[4]         ; clock_music  ; clock_music ; 1.000        ; 0.000      ; 5.244      ;
; -4.244  ; y_present.Ni     ; y_present.Ma     ; clock_music  ; clock_music ; 1.000        ; 0.000      ; 4.911      ;
; -4.080  ; count[2]         ; count[5]         ; clock_music  ; clock_music ; 1.000        ; 0.000      ; 4.747      ;
; -4.080  ; count[2]         ; count[4]         ; clock_music  ; clock_music ; 1.000        ; 0.000      ; 4.747      ;
; -3.890  ; count[4]         ; count[5]         ; clock_music  ; clock_music ; 1.000        ; 0.000      ; 4.557      ;
; -3.613  ; count[2]         ; count[3]         ; clock_music  ; clock_music ; 1.000        ; 0.000      ; 4.280      ;
; -3.316  ; count[3]         ; count[3]         ; clock_music  ; clock_music ; 1.000        ; 0.000      ; 3.983      ;
; -3.265  ; count[0]         ; count[5]         ; clock_music  ; clock_music ; 1.000        ; 0.000      ; 3.932      ;
; -3.265  ; count[0]         ; count[4]         ; clock_music  ; clock_music ; 1.000        ; 0.000      ; 3.932      ;
; -3.152  ; count[1]         ; count[5]         ; clock_music  ; clock_music ; 1.000        ; 0.000      ; 3.819      ;
; -3.152  ; count[1]         ; count[4]         ; clock_music  ; clock_music ; 1.000        ; 0.000      ; 3.819      ;
; -2.934  ; count[4]         ; count[4]         ; clock_music  ; clock_music ; 1.000        ; 0.000      ; 3.601      ;
; -2.798  ; count[0]         ; count[3]         ; clock_music  ; clock_music ; 1.000        ; 0.000      ; 3.465      ;
; -2.766  ; count[2]         ; count[2]         ; clock_music  ; clock_music ; 1.000        ; 0.000      ; 3.433      ;
; -2.685  ; count[1]         ; count[3]         ; clock_music  ; clock_music ; 1.000        ; 0.000      ; 3.352      ;
; -2.675  ; count[0]         ; count[2]         ; clock_music  ; clock_music ; 1.000        ; 0.000      ; 3.342      ;
; -2.562  ; count[1]         ; count[2]         ; clock_music  ; clock_music ; 1.000        ; 0.000      ; 3.229      ;
; -2.552  ; count[0]         ; count[1]         ; clock_music  ; clock_music ; 1.000        ; 0.000      ; 3.219      ;
; -1.715  ; count[1]         ; count[1]         ; clock_music  ; clock_music ; 1.000        ; 0.000      ; 2.382      ;
; -1.705  ; count[0]         ; count[0]         ; clock_music  ; clock_music ; 1.000        ; 0.000      ; 2.372      ;
+---------+------------------+------------------+--------------+-------------+--------------+------------+------------+


+-----------------------------------------------------------------------------------------------------------------------------------------------------+
; Setup: 'clk_50'                                                                                                                                     ;
+---------+----------------------------------+----------------------------------+--------------+-------------+--------------+------------+------------+
; Slack   ; From Node                        ; To Node                          ; Launch Clock ; Latch Clock ; Relationship ; Clock Skew ; Data Delay ;
+---------+----------------------------------+----------------------------------+--------------+-------------+--------------+------------+------------+
; -11.775 ; toneGenerator:TG|timecounter[14] ; toneGenerator:TG|timecounter[0]  ; clk_50       ; clk_50      ; 1.000        ; 0.000      ; 12.442     ;
; -11.614 ; toneGenerator:TG|timecounter[2]  ; toneGenerator:TG|timecounter[4]  ; clk_50       ; clk_50      ; 1.000        ; 0.000      ; 12.281     ;
; -11.611 ; toneGenerator:TG|timecounter[2]  ; toneGenerator:TG|timecounter[8]  ; clk_50       ; clk_50      ; 1.000        ; 0.000      ; 12.278     ;
; -11.581 ; toneGenerator:TG|timecounter[2]  ; toneGenerator:TG|timecounter[5]  ; clk_50       ; clk_50      ; 1.000        ; 0.000      ; 12.248     ;
; -11.559 ; toneGenerator:TG|timecounter[14] ; toneGenerator:TG|toneOut         ; clk_50       ; clk_50      ; 1.000        ; 0.000      ; 12.226     ;
; -11.553 ; toneGenerator:TG|timecounter[11] ; toneGenerator:TG|timecounter[0]  ; clk_50       ; clk_50      ; 1.000        ; 0.000      ; 12.220     ;
; -11.512 ; toneGenerator:TG|timecounter[2]  ; toneGenerator:TG|timecounter[0]  ; clk_50       ; clk_50      ; 1.000        ; 0.000      ; 12.179     ;
; -11.448 ; toneGenerator:TG|timecounter[11] ; toneGenerator:TG|timecounter[4]  ; clk_50       ; clk_50      ; 1.000        ; 0.000      ; 12.115     ;
; -11.445 ; toneGenerator:TG|timecounter[11] ; toneGenerator:TG|timecounter[8]  ; clk_50       ; clk_50      ; 1.000        ; 0.000      ; 12.112     ;
; -11.415 ; toneGenerator:TG|timecounter[2]  ; toneGenerator:TG|timecounter[25] ; clk_50       ; clk_50      ; 1.000        ; 0.000      ; 12.082     ;
; -11.415 ; toneGenerator:TG|timecounter[11] ; toneGenerator:TG|timecounter[5]  ; clk_50       ; clk_50      ; 1.000        ; 0.000      ; 12.082     ;
; -11.385 ; toneGenerator:TG|timecounter[0]  ; toneGenerator:TG|timecounter[4]  ; clk_50       ; clk_50      ; 1.000        ; 0.000      ; 12.052     ;
; -11.382 ; toneGenerator:TG|timecounter[0]  ; toneGenerator:TG|timecounter[8]  ; clk_50       ; clk_50      ; 1.000        ; 0.000      ; 12.049     ;
; -11.352 ; toneGenerator:TG|timecounter[0]  ; toneGenerator:TG|timecounter[5]  ; clk_50       ; clk_50      ; 1.000        ; 0.000      ; 12.019     ;
; -11.347 ; toneGenerator:TG|timecounter[0]  ; toneGenerator:TG|timecounter[0]  ; clk_50       ; clk_50      ; 1.000        ; 0.000      ; 12.014     ;
; -11.337 ; toneGenerator:TG|timecounter[11] ; toneGenerator:TG|toneOut         ; clk_50       ; clk_50      ; 1.000        ; 0.000      ; 12.004     ;
; -11.327 ; toneGenerator:TG|timecounter[13] ; toneGenerator:TG|timecounter[4]  ; clk_50       ; clk_50      ; 1.000        ; 0.000      ; 11.994     ;
; -11.324 ; toneGenerator:TG|timecounter[13] ; toneGenerator:TG|timecounter[8]  ; clk_50       ; clk_50      ; 1.000        ; 0.000      ; 11.991     ;
; -11.310 ; toneGenerator:TG|timecounter[2]  ; toneGenerator:TG|timecounter[26] ; clk_50       ; clk_50      ; 1.000        ; 0.000      ; 11.977     ;
; -11.306 ; toneGenerator:TG|timecounter[2]  ; toneGenerator:TG|timecounter[3]  ; clk_50       ; clk_50      ; 1.000        ; 0.000      ; 11.973     ;
; -11.305 ; toneGenerator:TG|timecounter[2]  ; toneGenerator:TG|timecounter[9]  ; clk_50       ; clk_50      ; 1.000        ; 0.000      ; 11.972     ;
; -11.296 ; toneGenerator:TG|timecounter[2]  ; toneGenerator:TG|toneOut         ; clk_50       ; clk_50      ; 1.000        ; 0.000      ; 11.963     ;
; -11.294 ; toneGenerator:TG|timecounter[13] ; toneGenerator:TG|timecounter[5]  ; clk_50       ; clk_50      ; 1.000        ; 0.000      ; 11.961     ;
; -11.258 ; toneGenerator:TG|timecounter[2]  ; toneGenerator:TG|timecounter[2]  ; clk_50       ; clk_50      ; 1.000        ; 0.000      ; 11.925     ;
; -11.257 ; toneGenerator:TG|timecounter[2]  ; toneGenerator:TG|timecounter[1]  ; clk_50       ; clk_50      ; 1.000        ; 0.000      ; 11.924     ;
; -11.249 ; toneGenerator:TG|timecounter[11] ; toneGenerator:TG|timecounter[25] ; clk_50       ; clk_50      ; 1.000        ; 0.000      ; 11.916     ;
; -11.242 ; toneGenerator:TG|timecounter[10] ; toneGenerator:TG|timecounter[0]  ; clk_50       ; clk_50      ; 1.000        ; 0.000      ; 11.909     ;
; -11.226 ; toneGenerator:TG|timecounter[20] ; toneGenerator:TG|toneOut         ; clk_50       ; clk_50      ; 1.000        ; 0.000      ; 11.893     ;
; -11.186 ; toneGenerator:TG|timecounter[0]  ; toneGenerator:TG|timecounter[25] ; clk_50       ; clk_50      ; 1.000        ; 0.000      ; 11.853     ;
; -11.158 ; toneGenerator:TG|timecounter[14] ; toneGenerator:TG|timecounter[4]  ; clk_50       ; clk_50      ; 1.000        ; 0.000      ; 11.825     ;
; -11.155 ; toneGenerator:TG|timecounter[14] ; toneGenerator:TG|timecounter[8]  ; clk_50       ; clk_50      ; 1.000        ; 0.000      ; 11.822     ;
; -11.144 ; toneGenerator:TG|timecounter[11] ; toneGenerator:TG|timecounter[26] ; clk_50       ; clk_50      ; 1.000        ; 0.000      ; 11.811     ;
; -11.140 ; toneGenerator:TG|timecounter[2]  ; toneGenerator:TG|timecounter[24] ; clk_50       ; clk_50      ; 1.000        ; 0.000      ; 11.807     ;
; -11.140 ; toneGenerator:TG|timecounter[11] ; toneGenerator:TG|timecounter[3]  ; clk_50       ; clk_50      ; 1.000        ; 0.000      ; 11.807     ;
; -11.139 ; toneGenerator:TG|timecounter[11] ; toneGenerator:TG|timecounter[9]  ; clk_50       ; clk_50      ; 1.000        ; 0.000      ; 11.806     ;
; -11.138 ; toneGenerator:TG|timecounter[17] ; toneGenerator:TG|toneOut         ; clk_50       ; clk_50      ; 1.000        ; 0.000      ; 11.805     ;
; -11.137 ; toneGenerator:TG|timecounter[2]  ; toneGenerator:TG|timecounter[16] ; clk_50       ; clk_50      ; 1.000        ; 0.000      ; 11.804     ;
; -11.133 ; toneGenerator:TG|timecounter[15] ; toneGenerator:TG|timecounter[4]  ; clk_50       ; clk_50      ; 1.000        ; 0.000      ; 11.800     ;
; -11.131 ; toneGenerator:TG|timecounter[0]  ; toneGenerator:TG|toneOut         ; clk_50       ; clk_50      ; 1.000        ; 0.000      ; 11.798     ;
; -11.130 ; toneGenerator:TG|timecounter[15] ; toneGenerator:TG|timecounter[8]  ; clk_50       ; clk_50      ; 1.000        ; 0.000      ; 11.797     ;
; -11.128 ; toneGenerator:TG|timecounter[13] ; toneGenerator:TG|timecounter[25] ; clk_50       ; clk_50      ; 1.000        ; 0.000      ; 11.795     ;
; -11.125 ; toneGenerator:TG|timecounter[14] ; toneGenerator:TG|timecounter[5]  ; clk_50       ; clk_50      ; 1.000        ; 0.000      ; 11.792     ;
; -11.120 ; toneGenerator:TG|timecounter[2]  ; toneGenerator:TG|timecounter[10] ; clk_50       ; clk_50      ; 1.000        ; 0.000      ; 11.787     ;
; -11.119 ; toneGenerator:TG|timecounter[2]  ; toneGenerator:TG|timecounter[12] ; clk_50       ; clk_50      ; 1.000        ; 0.000      ; 11.786     ;
; -11.118 ; toneGenerator:TG|timecounter[2]  ; toneGenerator:TG|timecounter[7]  ; clk_50       ; clk_50      ; 1.000        ; 0.000      ; 11.785     ;
; -11.111 ; toneGenerator:TG|timecounter[2]  ; toneGenerator:TG|timecounter[13] ; clk_50       ; clk_50      ; 1.000        ; 0.000      ; 11.778     ;
; -11.107 ; toneGenerator:TG|timecounter[2]  ; toneGenerator:TG|timecounter[11] ; clk_50       ; clk_50      ; 1.000        ; 0.000      ; 11.774     ;
; -11.106 ; toneGenerator:TG|timecounter[2]  ; toneGenerator:TG|timecounter[14] ; clk_50       ; clk_50      ; 1.000        ; 0.000      ; 11.773     ;
; -11.100 ; toneGenerator:TG|timecounter[5]  ; toneGenerator:TG|timecounter[0]  ; clk_50       ; clk_50      ; 1.000        ; 0.000      ; 11.767     ;
; -11.100 ; toneGenerator:TG|timecounter[15] ; toneGenerator:TG|timecounter[5]  ; clk_50       ; clk_50      ; 1.000        ; 0.000      ; 11.767     ;
; -11.092 ; toneGenerator:TG|timecounter[11] ; toneGenerator:TG|timecounter[2]  ; clk_50       ; clk_50      ; 1.000        ; 0.000      ; 11.759     ;
; -11.091 ; toneGenerator:TG|timecounter[11] ; toneGenerator:TG|timecounter[1]  ; clk_50       ; clk_50      ; 1.000        ; 0.000      ; 11.758     ;
; -11.081 ; toneGenerator:TG|timecounter[0]  ; toneGenerator:TG|timecounter[26] ; clk_50       ; clk_50      ; 1.000        ; 0.000      ; 11.748     ;
; -11.077 ; toneGenerator:TG|timecounter[0]  ; toneGenerator:TG|timecounter[3]  ; clk_50       ; clk_50      ; 1.000        ; 0.000      ; 11.744     ;
; -11.076 ; toneGenerator:TG|timecounter[0]  ; toneGenerator:TG|timecounter[9]  ; clk_50       ; clk_50      ; 1.000        ; 0.000      ; 11.743     ;
; -11.074 ; toneGenerator:TG|timecounter[3]  ; toneGenerator:TG|timecounter[4]  ; clk_50       ; clk_50      ; 1.000        ; 0.000      ; 11.741     ;
; -11.071 ; toneGenerator:TG|timecounter[3]  ; toneGenerator:TG|timecounter[8]  ; clk_50       ; clk_50      ; 1.000        ; 0.000      ; 11.738     ;
; -11.067 ; toneGenerator:TG|timecounter[2]  ; toneGenerator:TG|timecounter[17] ; clk_50       ; clk_50      ; 1.000        ; 0.000      ; 11.734     ;
; -11.066 ; toneGenerator:TG|timecounter[2]  ; toneGenerator:TG|timecounter[18] ; clk_50       ; clk_50      ; 1.000        ; 0.000      ; 11.733     ;
; -11.065 ; toneGenerator:TG|timecounter[2]  ; toneGenerator:TG|timecounter[22] ; clk_50       ; clk_50      ; 1.000        ; 0.000      ; 11.732     ;
; -11.065 ; toneGenerator:TG|timecounter[25] ; toneGenerator:TG|toneOut         ; clk_50       ; clk_50      ; 1.000        ; 0.000      ; 11.732     ;
; -11.060 ; toneGenerator:TG|timecounter[2]  ; toneGenerator:TG|timecounter[23] ; clk_50       ; clk_50      ; 1.000        ; 0.000      ; 11.727     ;
; -11.059 ; toneGenerator:TG|timecounter[2]  ; toneGenerator:TG|timecounter[21] ; clk_50       ; clk_50      ; 1.000        ; 0.000      ; 11.726     ;
; -11.058 ; toneGenerator:TG|timecounter[2]  ; toneGenerator:TG|timecounter[19] ; clk_50       ; clk_50      ; 1.000        ; 0.000      ; 11.725     ;
; -11.057 ; toneGenerator:TG|timecounter[2]  ; toneGenerator:TG|timecounter[20] ; clk_50       ; clk_50      ; 1.000        ; 0.000      ; 11.724     ;
; -11.041 ; toneGenerator:TG|timecounter[3]  ; toneGenerator:TG|timecounter[5]  ; clk_50       ; clk_50      ; 1.000        ; 0.000      ; 11.708     ;
; -11.029 ; toneGenerator:TG|timecounter[0]  ; toneGenerator:TG|timecounter[2]  ; clk_50       ; clk_50      ; 1.000        ; 0.000      ; 11.696     ;
; -11.028 ; toneGenerator:TG|timecounter[0]  ; toneGenerator:TG|timecounter[1]  ; clk_50       ; clk_50      ; 1.000        ; 0.000      ; 11.695     ;
; -11.026 ; toneGenerator:TG|timecounter[10] ; toneGenerator:TG|toneOut         ; clk_50       ; clk_50      ; 1.000        ; 0.000      ; 11.693     ;
; -11.023 ; toneGenerator:TG|timecounter[13] ; toneGenerator:TG|timecounter[26] ; clk_50       ; clk_50      ; 1.000        ; 0.000      ; 11.690     ;
; -11.019 ; toneGenerator:TG|timecounter[13] ; toneGenerator:TG|timecounter[3]  ; clk_50       ; clk_50      ; 1.000        ; 0.000      ; 11.686     ;
; -11.018 ; toneGenerator:TG|timecounter[13] ; toneGenerator:TG|timecounter[9]  ; clk_50       ; clk_50      ; 1.000        ; 0.000      ; 11.685     ;
; -11.009 ; toneGenerator:TG|timecounter[6]  ; toneGenerator:TG|timecounter[0]  ; clk_50       ; clk_50      ; 1.000        ; 0.000      ; 11.676     ;
; -10.991 ; toneGenerator:TG|timecounter[1]  ; toneGenerator:TG|timecounter[0]  ; clk_50       ; clk_50      ; 1.000        ; 0.000      ; 11.658     ;
; -10.990 ; toneGenerator:TG|timecounter[12] ; toneGenerator:TG|timecounter[4]  ; clk_50       ; clk_50      ; 1.000        ; 0.000      ; 11.657     ;
; -10.987 ; toneGenerator:TG|timecounter[12] ; toneGenerator:TG|timecounter[8]  ; clk_50       ; clk_50      ; 1.000        ; 0.000      ; 11.654     ;
; -10.976 ; toneGenerator:TG|timecounter[9]  ; toneGenerator:TG|timecounter[0]  ; clk_50       ; clk_50      ; 1.000        ; 0.000      ; 11.643     ;
; -10.974 ; toneGenerator:TG|timecounter[11] ; toneGenerator:TG|timecounter[24] ; clk_50       ; clk_50      ; 1.000        ; 0.000      ; 11.641     ;
; -10.971 ; toneGenerator:TG|timecounter[11] ; toneGenerator:TG|timecounter[16] ; clk_50       ; clk_50      ; 1.000        ; 0.000      ; 11.638     ;
; -10.971 ; toneGenerator:TG|timecounter[13] ; toneGenerator:TG|timecounter[2]  ; clk_50       ; clk_50      ; 1.000        ; 0.000      ; 11.638     ;
; -10.970 ; toneGenerator:TG|timecounter[13] ; toneGenerator:TG|timecounter[1]  ; clk_50       ; clk_50      ; 1.000        ; 0.000      ; 11.637     ;
; -10.959 ; toneGenerator:TG|timecounter[14] ; toneGenerator:TG|timecounter[25] ; clk_50       ; clk_50      ; 1.000        ; 0.000      ; 11.626     ;
; -10.957 ; toneGenerator:TG|timecounter[12] ; toneGenerator:TG|timecounter[5]  ; clk_50       ; clk_50      ; 1.000        ; 0.000      ; 11.624     ;
; -10.954 ; toneGenerator:TG|timecounter[11] ; toneGenerator:TG|timecounter[10] ; clk_50       ; clk_50      ; 1.000        ; 0.000      ; 11.621     ;
; -10.953 ; toneGenerator:TG|timecounter[11] ; toneGenerator:TG|timecounter[12] ; clk_50       ; clk_50      ; 1.000        ; 0.000      ; 11.620     ;
; -10.952 ; toneGenerator:TG|timecounter[11] ; toneGenerator:TG|timecounter[7]  ; clk_50       ; clk_50      ; 1.000        ; 0.000      ; 11.619     ;
; -10.945 ; toneGenerator:TG|timecounter[11] ; toneGenerator:TG|timecounter[13] ; clk_50       ; clk_50      ; 1.000        ; 0.000      ; 11.612     ;
; -10.941 ; toneGenerator:TG|timecounter[11] ; toneGenerator:TG|timecounter[11] ; clk_50       ; clk_50      ; 1.000        ; 0.000      ; 11.608     ;
; -10.940 ; toneGenerator:TG|timecounter[11] ; toneGenerator:TG|timecounter[14] ; clk_50       ; clk_50      ; 1.000        ; 0.000      ; 11.607     ;
; -10.934 ; toneGenerator:TG|timecounter[15] ; toneGenerator:TG|timecounter[25] ; clk_50       ; clk_50      ; 1.000        ; 0.000      ; 11.601     ;
; -10.911 ; toneGenerator:TG|timecounter[0]  ; toneGenerator:TG|timecounter[24] ; clk_50       ; clk_50      ; 1.000        ; 0.000      ; 11.578     ;
; -10.908 ; toneGenerator:TG|timecounter[0]  ; toneGenerator:TG|timecounter[16] ; clk_50       ; clk_50      ; 1.000        ; 0.000      ; 11.575     ;
; -10.901 ; toneGenerator:TG|timecounter[11] ; toneGenerator:TG|timecounter[17] ; clk_50       ; clk_50      ; 1.000        ; 0.000      ; 11.568     ;
; -10.900 ; toneGenerator:TG|timecounter[11] ; toneGenerator:TG|timecounter[18] ; clk_50       ; clk_50      ; 1.000        ; 0.000      ; 11.567     ;
; -10.899 ; toneGenerator:TG|timecounter[11] ; toneGenerator:TG|timecounter[22] ; clk_50       ; clk_50      ; 1.000        ; 0.000      ; 11.566     ;
; -10.894 ; toneGenerator:TG|timecounter[11] ; toneGenerator:TG|timecounter[23] ; clk_50       ; clk_50      ; 1.000        ; 0.000      ; 11.561     ;
; -10.893 ; toneGenerator:TG|timecounter[11] ; toneGenerator:TG|timecounter[21] ; clk_50       ; clk_50      ; 1.000        ; 0.000      ; 11.560     ;
; -10.892 ; toneGenerator:TG|timecounter[11] ; toneGenerator:TG|timecounter[19] ; clk_50       ; clk_50      ; 1.000        ; 0.000      ; 11.559     ;
; -10.891 ; toneGenerator:TG|timecounter[0]  ; toneGenerator:TG|timecounter[10] ; clk_50       ; clk_50      ; 1.000        ; 0.000      ; 11.558     ;
; -10.891 ; toneGenerator:TG|timecounter[11] ; toneGenerator:TG|timecounter[20] ; clk_50       ; clk_50      ; 1.000        ; 0.000      ; 11.558     ;
+---------+----------------------------------+----------------------------------+--------------+-------------+--------------+------------+------------+


+--------------------------------------------------------------------------------------------------------------------------+
; Hold: 'clk_50'                                                                                                           ;
+--------+-----------------+-------------------------+--------------+-------------+--------------+------------+------------+
; Slack  ; From Node       ; To Node                 ; Launch Clock ; Latch Clock ; Relationship ; Clock Skew ; Data Delay ;
+--------+-----------------+-------------------------+--------------+-------------+--------------+------------+------------+
; -1.968 ; clock_music     ; clock_music             ; clock_music  ; clk_50      ; 0.000        ; 3.699      ; 2.328      ;
; -1.468 ; clock_music     ; clock_music             ; clock_music  ; clk_50      ; -0.500       ; 3.699      ; 2.328      ;
; 1.658  ; timecounter[26] ; timecounter[26]         ; clk_50       ; clk_50      ; 0.000        ; 0.000      ; 1.879      ;
; 2.116  ; timecounter[18] ; timecounter[18]         ; clk_50       ; clk_50      ; 0.000        ; 0.000      ; 2.337      ;
; 2.116  ; timecounter[8]  ; timecounter[8]          ; clk_50       ; clk_50      ; 0.000        ; 0.000      ; 2.337      ;
; 2.117  ; timecounter[25] ; timecounter[25]         ; clk_50       ; clk_50      ; 0.000        ; 0.000      ; 2.338      ;
; 2.117  ; timecounter[20] ; timecounter[20]         ; clk_50       ; clk_50      ; 0.000        ; 0.000      ; 2.338      ;
; 2.117  ; timecounter[19] ; timecounter[19]         ; clk_50       ; clk_50      ; 0.000        ; 0.000      ; 2.338      ;
; 2.117  ; timecounter[15] ; timecounter[15]         ; clk_50       ; clk_50      ; 0.000        ; 0.000      ; 2.338      ;
; 2.126  ; timecounter[17] ; timecounter[17]         ; clk_50       ; clk_50      ; 0.000        ; 0.000      ; 2.347      ;
; 2.126  ; timecounter[9]  ; timecounter[9]          ; clk_50       ; clk_50      ; 0.000        ; 0.000      ; 2.347      ;
; 2.126  ; timecounter[10] ; timecounter[10]         ; clk_50       ; clk_50      ; 0.000        ; 0.000      ; 2.347      ;
; 2.126  ; timecounter[0]  ; timecounter[0]          ; clk_50       ; clk_50      ; 0.000        ; 0.000      ; 2.347      ;
; 2.135  ; timecounter[7]  ; timecounter[7]          ; clk_50       ; clk_50      ; 0.000        ; 0.000      ; 2.356      ;
; 2.184  ; timecounter[5]  ; timecounter[5]          ; clk_50       ; clk_50      ; 0.000        ; 0.000      ; 2.405      ;
; 2.221  ; timecounter[16] ; timecounter[16]         ; clk_50       ; clk_50      ; 0.000        ; 0.000      ; 2.442      ;
; 2.221  ; timecounter[11] ; timecounter[11]         ; clk_50       ; clk_50      ; 0.000        ; 0.000      ; 2.442      ;
; 2.222  ; timecounter[1]  ; timecounter[1]          ; clk_50       ; clk_50      ; 0.000        ; 0.000      ; 2.443      ;
; 2.229  ; timecounter[3]  ; timecounter[3]          ; clk_50       ; clk_50      ; 0.000        ; 0.000      ; 2.450      ;
; 2.230  ; timecounter[23] ; timecounter[23]         ; clk_50       ; clk_50      ; 0.000        ; 0.000      ; 2.451      ;
; 2.230  ; timecounter[13] ; timecounter[13]         ; clk_50       ; clk_50      ; 0.000        ; 0.000      ; 2.451      ;
; 2.230  ; timecounter[21] ; timecounter[21]         ; clk_50       ; clk_50      ; 0.000        ; 0.000      ; 2.451      ;
; 2.231  ; timecounter[22] ; timecounter[22]         ; clk_50       ; clk_50      ; 0.000        ; 0.000      ; 2.452      ;
; 2.231  ; timecounter[24] ; timecounter[24]         ; clk_50       ; clk_50      ; 0.000        ; 0.000      ; 2.452      ;
; 2.231  ; timecounter[12] ; timecounter[12]         ; clk_50       ; clk_50      ; 0.000        ; 0.000      ; 2.452      ;
; 2.231  ; timecounter[14] ; timecounter[14]         ; clk_50       ; clk_50      ; 0.000        ; 0.000      ; 2.452      ;
; 2.232  ; timecounter[2]  ; timecounter[2]          ; clk_50       ; clk_50      ; 0.000        ; 0.000      ; 2.453      ;
; 2.539  ; timecounter[4]  ; timecounter[4]          ; clk_50       ; clk_50      ; 0.000        ; 0.000      ; 2.760      ;
; 2.539  ; timecounter[6]  ; timecounter[6]          ; clk_50       ; clk_50      ; 0.000        ; 0.000      ; 2.760      ;
; 2.948  ; timecounter[18] ; timecounter[19]         ; clk_50       ; clk_50      ; 0.000        ; 0.000      ; 3.169      ;
; 2.948  ; timecounter[8]  ; timecounter[9]          ; clk_50       ; clk_50      ; 0.000        ; 0.000      ; 3.169      ;
; 2.949  ; timecounter[25] ; timecounter[26]         ; clk_50       ; clk_50      ; 0.000        ; 0.000      ; 3.170      ;
; 2.949  ; timecounter[15] ; timecounter[16]         ; clk_50       ; clk_50      ; 0.000        ; 0.000      ; 3.170      ;
; 2.949  ; timecounter[19] ; timecounter[20]         ; clk_50       ; clk_50      ; 0.000        ; 0.000      ; 3.170      ;
; 2.949  ; timecounter[20] ; timecounter[21]         ; clk_50       ; clk_50      ; 0.000        ; 0.000      ; 3.170      ;
; 2.958  ; timecounter[9]  ; timecounter[10]         ; clk_50       ; clk_50      ; 0.000        ; 0.000      ; 3.179      ;
; 2.958  ; timecounter[10] ; timecounter[11]         ; clk_50       ; clk_50      ; 0.000        ; 0.000      ; 3.179      ;
; 2.958  ; timecounter[0]  ; timecounter[1]          ; clk_50       ; clk_50      ; 0.000        ; 0.000      ; 3.179      ;
; 3.016  ; timecounter[5]  ; timecounter[6]          ; clk_50       ; clk_50      ; 0.000        ; 0.000      ; 3.237      ;
; 3.059  ; timecounter[18] ; timecounter[20]         ; clk_50       ; clk_50      ; 0.000        ; 0.000      ; 3.280      ;
; 3.059  ; timecounter[8]  ; timecounter[10]         ; clk_50       ; clk_50      ; 0.000        ; 0.000      ; 3.280      ;
; 3.060  ; timecounter[20] ; timecounter[22]         ; clk_50       ; clk_50      ; 0.000        ; 0.000      ; 3.281      ;
; 3.060  ; timecounter[15] ; timecounter[17]         ; clk_50       ; clk_50      ; 0.000        ; 0.000      ; 3.281      ;
; 3.060  ; timecounter[19] ; timecounter[21]         ; clk_50       ; clk_50      ; 0.000        ; 0.000      ; 3.281      ;
; 3.069  ; timecounter[10] ; timecounter[12]         ; clk_50       ; clk_50      ; 0.000        ; 0.000      ; 3.290      ;
; 3.069  ; timecounter[0]  ; timecounter[2]          ; clk_50       ; clk_50      ; 0.000        ; 0.000      ; 3.290      ;
; 3.069  ; timecounter[9]  ; timecounter[11]         ; clk_50       ; clk_50      ; 0.000        ; 0.000      ; 3.290      ;
; 3.127  ; timecounter[5]  ; timecounter[7]          ; clk_50       ; clk_50      ; 0.000        ; 0.000      ; 3.348      ;
; 3.161  ; timecounter[16] ; timecounter[17]         ; clk_50       ; clk_50      ; 0.000        ; 0.000      ; 3.382      ;
; 3.161  ; timecounter[11] ; timecounter[12]         ; clk_50       ; clk_50      ; 0.000        ; 0.000      ; 3.382      ;
; 3.162  ; timecounter[1]  ; timecounter[2]          ; clk_50       ; clk_50      ; 0.000        ; 0.000      ; 3.383      ;
; 3.169  ; timecounter[3]  ; timecounter[4]          ; clk_50       ; clk_50      ; 0.000        ; 0.000      ; 3.390      ;
; 3.170  ; timecounter[23] ; timecounter[24]         ; clk_50       ; clk_50      ; 0.000        ; 0.000      ; 3.391      ;
; 3.170  ; timecounter[13] ; timecounter[14]         ; clk_50       ; clk_50      ; 0.000        ; 0.000      ; 3.391      ;
; 3.170  ; timecounter[21] ; timecounter[22]         ; clk_50       ; clk_50      ; 0.000        ; 0.000      ; 3.391      ;
; 3.170  ; timecounter[18] ; timecounter[21]         ; clk_50       ; clk_50      ; 0.000        ; 0.000      ; 3.391      ;
; 3.170  ; timecounter[8]  ; timecounter[11]         ; clk_50       ; clk_50      ; 0.000        ; 0.000      ; 3.391      ;
; 3.171  ; timecounter[24] ; timecounter[25]         ; clk_50       ; clk_50      ; 0.000        ; 0.000      ; 3.392      ;
; 3.171  ; timecounter[14] ; timecounter[15]         ; clk_50       ; clk_50      ; 0.000        ; 0.000      ; 3.392      ;
; 3.171  ; timecounter[19] ; timecounter[22]         ; clk_50       ; clk_50      ; 0.000        ; 0.000      ; 3.392      ;
; 3.180  ; timecounter[9]  ; timecounter[12]         ; clk_50       ; clk_50      ; 0.000        ; 0.000      ; 3.401      ;
; 3.280  ; timecounter[3]  ; timecounter[5]          ; clk_50       ; clk_50      ; 0.000        ; 0.000      ; 3.501      ;
; 3.281  ; timecounter[23] ; timecounter[25]         ; clk_50       ; clk_50      ; 0.000        ; 0.000      ; 3.502      ;
; 3.281  ; timecounter[13] ; timecounter[15]         ; clk_50       ; clk_50      ; 0.000        ; 0.000      ; 3.502      ;
; 3.281  ; timecounter[18] ; timecounter[22]         ; clk_50       ; clk_50      ; 0.000        ; 0.000      ; 3.502      ;
; 3.281  ; timecounter[8]  ; timecounter[12]         ; clk_50       ; clk_50      ; 0.000        ; 0.000      ; 3.502      ;
; 3.282  ; timecounter[24] ; timecounter[26]         ; clk_50       ; clk_50      ; 0.000        ; 0.000      ; 3.503      ;
; 3.282  ; timecounter[14] ; timecounter[16]         ; clk_50       ; clk_50      ; 0.000        ; 0.000      ; 3.503      ;
; 3.371  ; timecounter[6]  ; timecounter[7]          ; clk_50       ; clk_50      ; 0.000        ; 0.000      ; 3.592      ;
; 3.371  ; timecounter[4]  ; timecounter[5]          ; clk_50       ; clk_50      ; 0.000        ; 0.000      ; 3.592      ;
; 3.391  ; timecounter[3]  ; timecounter[6]          ; clk_50       ; clk_50      ; 0.000        ; 0.000      ; 3.612      ;
; 3.392  ; timecounter[23] ; timecounter[26]         ; clk_50       ; clk_50      ; 0.000        ; 0.000      ; 3.613      ;
; 3.392  ; timecounter[13] ; timecounter[16]         ; clk_50       ; clk_50      ; 0.000        ; 0.000      ; 3.613      ;
; 3.393  ; timecounter[14] ; timecounter[17]         ; clk_50       ; clk_50      ; 0.000        ; 0.000      ; 3.614      ;
; 3.453  ; y_present.Ni    ; toneGenerator:TG|LED[6] ; clock_music  ; clk_50      ; -0.500       ; -0.866     ; 2.308      ;
; 3.482  ; timecounter[4]  ; timecounter[6]          ; clk_50       ; clk_50      ; 0.000        ; 0.000      ; 3.703      ;
; 3.492  ; timecounter[22] ; timecounter[23]         ; clk_50       ; clk_50      ; 0.000        ; 0.000      ; 3.713      ;
; 3.492  ; timecounter[22] ; timecounter[24]         ; clk_50       ; clk_50      ; 0.000        ; 0.000      ; 3.713      ;
; 3.492  ; timecounter[22] ; timecounter[25]         ; clk_50       ; clk_50      ; 0.000        ; 0.000      ; 3.713      ;
; 3.492  ; timecounter[22] ; timecounter[26]         ; clk_50       ; clk_50      ; 0.000        ; 0.000      ; 3.713      ;
; 3.492  ; timecounter[12] ; timecounter[16]         ; clk_50       ; clk_50      ; 0.000        ; 0.000      ; 3.713      ;
; 3.492  ; timecounter[12] ; timecounter[17]         ; clk_50       ; clk_50      ; 0.000        ; 0.000      ; 3.713      ;
; 3.492  ; timecounter[12] ; timecounter[13]         ; clk_50       ; clk_50      ; 0.000        ; 0.000      ; 3.713      ;
; 3.492  ; timecounter[12] ; timecounter[14]         ; clk_50       ; clk_50      ; 0.000        ; 0.000      ; 3.713      ;
; 3.492  ; timecounter[12] ; timecounter[15]         ; clk_50       ; clk_50      ; 0.000        ; 0.000      ; 3.713      ;
; 3.493  ; timecounter[2]  ; timecounter[4]          ; clk_50       ; clk_50      ; 0.000        ; 0.000      ; 3.714      ;
; 3.493  ; timecounter[2]  ; timecounter[5]          ; clk_50       ; clk_50      ; 0.000        ; 0.000      ; 3.714      ;
; 3.493  ; timecounter[2]  ; timecounter[6]          ; clk_50       ; clk_50      ; 0.000        ; 0.000      ; 3.714      ;
; 3.493  ; timecounter[2]  ; timecounter[7]          ; clk_50       ; clk_50      ; 0.000        ; 0.000      ; 3.714      ;
; 3.493  ; timecounter[2]  ; timecounter[3]          ; clk_50       ; clk_50      ; 0.000        ; 0.000      ; 3.714      ;
; 3.502  ; timecounter[3]  ; timecounter[7]          ; clk_50       ; clk_50      ; 0.000        ; 0.000      ; 3.723      ;
; 3.503  ; timecounter[13] ; timecounter[17]         ; clk_50       ; clk_50      ; 0.000        ; 0.000      ; 3.724      ;
; 3.529  ; timecounter[20] ; timecounter[23]         ; clk_50       ; clk_50      ; 0.000        ; 0.000      ; 3.750      ;
; 3.529  ; timecounter[20] ; timecounter[24]         ; clk_50       ; clk_50      ; 0.000        ; 0.000      ; 3.750      ;
; 3.529  ; timecounter[20] ; timecounter[25]         ; clk_50       ; clk_50      ; 0.000        ; 0.000      ; 3.750      ;
; 3.529  ; timecounter[20] ; timecounter[26]         ; clk_50       ; clk_50      ; 0.000        ; 0.000      ; 3.750      ;
; 3.538  ; timecounter[10] ; timecounter[16]         ; clk_50       ; clk_50      ; 0.000        ; 0.000      ; 3.759      ;
; 3.538  ; timecounter[10] ; timecounter[17]         ; clk_50       ; clk_50      ; 0.000        ; 0.000      ; 3.759      ;
; 3.538  ; timecounter[10] ; timecounter[13]         ; clk_50       ; clk_50      ; 0.000        ; 0.000      ; 3.759      ;
; 3.538  ; timecounter[10] ; timecounter[14]         ; clk_50       ; clk_50      ; 0.000        ; 0.000      ; 3.759      ;
+--------+-----------------+-------------------------+--------------+-------------+--------------+------------+------------+


+-------------------------------------------------------------------------------------------------------------------+
; Hold: 'clock_music'                                                                                               ;
+-------+------------------+------------------+--------------+-------------+--------------+------------+------------+
; Slack ; From Node        ; To Node          ; Launch Clock ; Latch Clock ; Relationship ; Clock Skew ; Data Delay ;
+-------+------------------+------------------+--------------+-------------+--------------+------------+------------+
; 2.069 ; count[5]         ; count[5]         ; clock_music  ; clock_music ; 0.000        ; 0.000      ; 2.290      ;
; 2.151 ; count[0]         ; count[0]         ; clock_music  ; clock_music ; 0.000        ; 0.000      ; 2.372      ;
; 2.152 ; y_present.Ni     ; y_present.Ni     ; clock_music  ; clock_music ; 0.000        ; 0.000      ; 2.373      ;
; 2.161 ; count[1]         ; count[1]         ; clock_music  ; clock_music ; 0.000        ; 0.000      ; 2.382      ;
; 2.175 ; y_present.Sa     ; y_present.Sa     ; clock_music  ; clock_music ; 0.000        ; 0.000      ; 2.396      ;
; 2.241 ; y_present.Re     ; y_present.Re     ; clock_music  ; clock_music ; 0.000        ; 0.000      ; 2.462      ;
; 2.983 ; count[0]         ; count[1]         ; clock_music  ; clock_music ; 0.000        ; 0.000      ; 3.204      ;
; 2.993 ; count[1]         ; count[2]         ; clock_music  ; clock_music ; 0.000        ; 0.000      ; 3.214      ;
; 3.094 ; count[0]         ; count[2]         ; clock_music  ; clock_music ; 0.000        ; 0.000      ; 3.315      ;
; 3.104 ; count[1]         ; count[3]         ; clock_music  ; clock_music ; 0.000        ; 0.000      ; 3.325      ;
; 3.152 ; y_present.Ga     ; y_present.Ma     ; clock_music  ; clock_music ; 0.000        ; 0.000      ; 3.373      ;
; 3.205 ; count[0]         ; count[3]         ; clock_music  ; clock_music ; 0.000        ; 0.000      ; 3.426      ;
; 3.212 ; count[2]         ; count[2]         ; clock_music  ; clock_music ; 0.000        ; 0.000      ; 3.433      ;
; 3.270 ; y_present.Ga     ; y_present.Ga     ; clock_music  ; clock_music ; 0.000        ; 0.000      ; 3.491      ;
; 3.380 ; count[4]         ; count[4]         ; clock_music  ; clock_music ; 0.000        ; 0.000      ; 3.601      ;
; 3.573 ; count[1]         ; count[5]         ; clock_music  ; clock_music ; 0.000        ; 0.000      ; 3.794      ;
; 3.573 ; count[1]         ; count[4]         ; clock_music  ; clock_music ; 0.000        ; 0.000      ; 3.794      ;
; 3.674 ; count[0]         ; count[5]         ; clock_music  ; clock_music ; 0.000        ; 0.000      ; 3.895      ;
; 3.674 ; count[0]         ; count[4]         ; clock_music  ; clock_music ; 0.000        ; 0.000      ; 3.895      ;
; 3.762 ; count[3]         ; count[3]         ; clock_music  ; clock_music ; 0.000        ; 0.000      ; 3.983      ;
; 4.044 ; count[2]         ; count[3]         ; clock_music  ; clock_music ; 0.000        ; 0.000      ; 4.265      ;
; 4.320 ; count[4]         ; count[5]         ; clock_music  ; clock_music ; 0.000        ; 0.000      ; 4.541      ;
; 4.513 ; count[2]         ; count[5]         ; clock_music  ; clock_music ; 0.000        ; 0.000      ; 4.734      ;
; 4.513 ; count[2]         ; count[4]         ; clock_music  ; clock_music ; 0.000        ; 0.000      ; 4.734      ;
; 4.690 ; y_present.Ni     ; y_present.Ma     ; clock_music  ; clock_music ; 0.000        ; 0.000      ; 4.911      ;
; 4.691 ; y_present.Ni     ; y_present.Silent ; clock_music  ; clock_music ; 0.000        ; 0.000      ; 4.912      ;
; 5.023 ; count[3]         ; count[5]         ; clock_music  ; clock_music ; 0.000        ; 0.000      ; 5.244      ;
; 5.023 ; count[3]         ; count[4]         ; clock_music  ; clock_music ; 0.000        ; 0.000      ; 5.244      ;
; 5.834 ; y_present.Ni     ; y_present.Re     ; clock_music  ; clock_music ; 0.000        ; 0.000      ; 6.055      ;
; 5.983 ; count[5]         ; count[4]         ; clock_music  ; clock_music ; 0.000        ; 0.000      ; 6.204      ;
; 5.983 ; count[5]         ; count[1]         ; clock_music  ; clock_music ; 0.000        ; 0.000      ; 6.204      ;
; 5.983 ; count[5]         ; count[0]         ; clock_music  ; clock_music ; 0.000        ; 0.000      ; 6.204      ;
; 5.983 ; count[5]         ; count[3]         ; clock_music  ; clock_music ; 0.000        ; 0.000      ; 6.204      ;
; 5.983 ; count[5]         ; count[2]         ; clock_music  ; clock_music ; 0.000        ; 0.000      ; 6.204      ;
; 6.196 ; count[5]         ; y_present.Silent ; clock_music  ; clock_music ; 0.000        ; 0.000      ; 6.417      ;
; 6.339 ; count[5]         ; y_present.Ni     ; clock_music  ; clock_music ; 0.000        ; 0.000      ; 6.560      ;
; 6.430 ; count[4]         ; y_present.Ni     ; clock_music  ; clock_music ; 0.000        ; 0.000      ; 6.651      ;
; 6.448 ; count[2]         ; y_present.Ma     ; clock_music  ; clock_music ; 0.000        ; 0.000      ; 6.669      ;
; 6.450 ; y_present.Ga     ; y_present.Silent ; clock_music  ; clock_music ; 0.000        ; 0.000      ; 6.671      ;
; 6.502 ; count[0]         ; y_present.Silent ; clock_music  ; clock_music ; 0.000        ; 0.000      ; 6.723      ;
; 6.558 ; y_present.Ga     ; y_present.Re     ; clock_music  ; clock_music ; 0.000        ; 0.000      ; 6.779      ;
; 6.558 ; count[3]         ; y_present.Ma     ; clock_music  ; clock_music ; 0.000        ; 0.000      ; 6.779      ;
; 6.572 ; count[0]         ; y_present.Ma     ; clock_music  ; clock_music ; 0.000        ; 0.000      ; 6.793      ;
; 6.612 ; count[1]         ; y_present.Silent ; clock_music  ; clock_music ; 0.000        ; 0.000      ; 6.833      ;
; 6.646 ; y_present.Ma     ; y_present.Ga     ; clock_music  ; clock_music ; 0.000        ; 0.000      ; 6.867      ;
; 6.801 ; y_present.Silent ; y_present.Ma     ; clock_music  ; clock_music ; 0.000        ; 0.000      ; 7.022      ;
; 6.802 ; y_present.Silent ; y_present.Silent ; clock_music  ; clock_music ; 0.000        ; 0.000      ; 7.023      ;
; 6.808 ; y_present.Sa     ; y_present.Ni     ; clock_music  ; clock_music ; 0.000        ; 0.000      ; 7.029      ;
; 6.835 ; count[2]         ; y_present.Ni     ; clock_music  ; clock_music ; 0.000        ; 0.000      ; 7.056      ;
; 6.855 ; count[0]         ; y_present.Ni     ; clock_music  ; clock_music ; 0.000        ; 0.000      ; 7.076      ;
; 6.855 ; y_present.Ma     ; y_present.Ma     ; clock_music  ; clock_music ; 0.000        ; 0.000      ; 7.076      ;
; 6.856 ; y_present.Ma     ; y_present.Silent ; clock_music  ; clock_music ; 0.000        ; 0.000      ; 7.077      ;
; 6.930 ; y_present.Ga     ; y_present.Ni     ; clock_music  ; clock_music ; 0.000        ; 0.000      ; 7.151      ;
; 7.070 ; count[1]         ; y_present.Ni     ; clock_music  ; clock_music ; 0.000        ; 0.000      ; 7.291      ;
; 7.131 ; count[1]         ; y_present.Ma     ; clock_music  ; clock_music ; 0.000        ; 0.000      ; 7.352      ;
; 7.136 ; count[5]         ; y_present.Re     ; clock_music  ; clock_music ; 0.000        ; 0.000      ; 7.357      ;
; 7.148 ; count[3]         ; y_present.Re     ; clock_music  ; clock_music ; 0.000        ; 0.000      ; 7.369      ;
; 7.154 ; count[2]         ; y_present.Silent ; clock_music  ; clock_music ; 0.000        ; 0.000      ; 7.375      ;
; 7.198 ; count[3]         ; y_present.Ni     ; clock_music  ; clock_music ; 0.000        ; 0.000      ; 7.419      ;
; 7.248 ; y_present.Ni     ; y_present.Sa     ; clock_music  ; clock_music ; 0.000        ; 0.000      ; 7.469      ;
; 7.255 ; y_present.Ni     ; y_present.Ga     ; clock_music  ; clock_music ; 0.000        ; 0.000      ; 7.476      ;
; 7.270 ; count[4]         ; y_present.Silent ; clock_music  ; clock_music ; 0.000        ; 0.000      ; 7.491      ;
; 7.379 ; y_present.Silent ; y_present.Ni     ; clock_music  ; clock_music ; 0.000        ; 0.000      ; 7.600      ;
; 7.433 ; y_present.Ma     ; y_present.Ni     ; clock_music  ; clock_music ; 0.000        ; 0.000      ; 7.654      ;
; 7.448 ; count[5]         ; y_present.Ma     ; clock_music  ; clock_music ; 0.000        ; 0.000      ; 7.669      ;
; 7.449 ; count[2]         ; y_present.Re     ; clock_music  ; clock_music ; 0.000        ; 0.000      ; 7.670      ;
; 7.497 ; count[4]         ; y_present.Ma     ; clock_music  ; clock_music ; 0.000        ; 0.000      ; 7.718      ;
; 7.534 ; count[4]         ; y_present.Re     ; clock_music  ; clock_music ; 0.000        ; 0.000      ; 7.755      ;
; 7.547 ; count[3]         ; y_present.Silent ; clock_music  ; clock_music ; 0.000        ; 0.000      ; 7.768      ;
; 7.619 ; count[0]         ; y_present.Ga     ; clock_music  ; clock_music ; 0.000        ; 0.000      ; 7.840      ;
; 7.703 ; count[0]         ; y_present.Re     ; clock_music  ; clock_music ; 0.000        ; 0.000      ; 7.924      ;
; 7.760 ; count[1]         ; y_present.Re     ; clock_music  ; clock_music ; 0.000        ; 0.000      ; 7.981      ;
; 7.868 ; y_present.Silent ; y_present.Sa     ; clock_music  ; clock_music ; 0.000        ; 0.000      ; 8.089      ;
; 7.913 ; count[1]         ; y_present.Ga     ; clock_music  ; clock_music ; 0.000        ; 0.000      ; 8.134      ;
; 7.918 ; count[2]         ; y_present.Ga     ; clock_music  ; clock_music ; 0.000        ; 0.000      ; 8.139      ;
; 7.922 ; y_present.Re     ; y_present.Ni     ; clock_music  ; clock_music ; 0.000        ; 0.000      ; 8.143      ;
; 7.932 ; count[1]         ; y_present.Sa     ; clock_music  ; clock_music ; 0.000        ; 0.000      ; 8.153      ;
; 7.940 ; y_present.Silent ; y_present.Ga     ; clock_music  ; clock_music ; 0.000        ; 0.000      ; 8.161      ;
; 7.945 ; y_present.Silent ; y_present.Re     ; clock_music  ; clock_music ; 0.000        ; 0.000      ; 8.166      ;
; 7.987 ; y_present.Ma     ; y_present.Sa     ; clock_music  ; clock_music ; 0.000        ; 0.000      ; 8.208      ;
; 7.999 ; y_present.Ma     ; y_present.Re     ; clock_music  ; clock_music ; 0.000        ; 0.000      ; 8.220      ;
; 8.015 ; count[5]         ; y_present.Sa     ; clock_music  ; clock_music ; 0.000        ; 0.000      ; 8.236      ;
; 8.046 ; count[3]         ; y_present.Sa     ; clock_music  ; clock_music ; 0.000        ; 0.000      ; 8.267      ;
; 8.072 ; y_present.Re     ; y_present.Sa     ; clock_music  ; clock_music ; 0.000        ; 0.000      ; 8.293      ;
; 8.134 ; y_present.Ga     ; y_present.Sa     ; clock_music  ; clock_music ; 0.000        ; 0.000      ; 8.355      ;
; 8.181 ; count[4]         ; y_present.Sa     ; clock_music  ; clock_music ; 0.000        ; 0.000      ; 8.402      ;
; 8.313 ; count[4]         ; y_present.Ga     ; clock_music  ; clock_music ; 0.000        ; 0.000      ; 8.534      ;
; 8.339 ; count[2]         ; y_present.Sa     ; clock_music  ; clock_music ; 0.000        ; 0.000      ; 8.560      ;
; 8.494 ; y_present.Re     ; y_present.Ga     ; clock_music  ; clock_music ; 0.000        ; 0.000      ; 8.715      ;
; 8.576 ; y_present.Sa     ; y_present.Ma     ; clock_music  ; clock_music ; 0.000        ; 0.000      ; 8.797      ;
; 8.577 ; y_present.Sa     ; y_present.Silent ; clock_music  ; clock_music ; 0.000        ; 0.000      ; 8.798      ;
; 8.634 ; count[0]         ; y_present.Sa     ; clock_music  ; clock_music ; 0.000        ; 0.000      ; 8.855      ;
; 8.656 ; count[5]         ; y_present.Ga     ; clock_music  ; clock_music ; 0.000        ; 0.000      ; 8.877      ;
; 8.660 ; y_present.Re     ; y_present.Ma     ; clock_music  ; clock_music ; 0.000        ; 0.000      ; 8.881      ;
; 8.661 ; y_present.Re     ; y_present.Silent ; clock_music  ; clock_music ; 0.000        ; 0.000      ; 8.882      ;
; 8.671 ; count[3]         ; y_present.Ga     ; clock_music  ; clock_music ; 0.000        ; 0.000      ; 8.892      ;
; 9.252 ; y_present.Sa     ; y_present.Ga     ; clock_music  ; clock_music ; 0.000        ; 0.000      ; 9.473      ;
; 9.720 ; y_present.Sa     ; y_present.Re     ; clock_music  ; clock_music ; 0.000        ; 0.000      ; 9.941      ;
+-------+------------------+------------------+--------------+-------------+--------------+------------+------------+


+-----------------------------------------------------------------------+
; Setup Transfers                                                       ;
+-------------+-------------+----------+----------+----------+----------+
; From Clock  ; To Clock    ; RR Paths ; FR Paths ; RF Paths ; FF Paths ;
+-------------+-------------+----------+----------+----------+----------+
; clk_50      ; clk_50      ; 5063     ; 0        ; 0        ; 0        ;
; clock_music ; clk_50      ; 1        ; 445      ; 0        ; 0        ;
; clock_music ; clock_music ; 0        ; 0        ; 0        ; 991      ;
+-------------+-------------+----------+----------+----------+----------+
Entries labeled "false path" only account for clock-to-clock false paths and not path-based false paths. As a result, actual path counts may be lower than reported.


+-----------------------------------------------------------------------+
; Hold Transfers                                                        ;
+-------------+-------------+----------+----------+----------+----------+
; From Clock  ; To Clock    ; RR Paths ; FR Paths ; RF Paths ; FF Paths ;
+-------------+-------------+----------+----------+----------+----------+
; clk_50      ; clk_50      ; 5063     ; 0        ; 0        ; 0        ;
; clock_music ; clk_50      ; 1        ; 445      ; 0        ; 0        ;
; clock_music ; clock_music ; 0        ; 0        ; 0        ; 991      ;
+-------------+-------------+----------+----------+----------+----------+
Entries labeled "false path" only account for clock-to-clock false paths and not path-based false paths. As a result, actual path counts may be lower than reported.


---------------
; Report TCCS ;
---------------
No dedicated SERDES Transmitter circuitry present in device or used in design


---------------
; Report RSKM ;
---------------
No non-DPA dedicated SERDES Receiver circuitry present in device or used in design


+------------------------------------------------+
; Unconstrained Paths Summary                    ;
+---------------------------------+-------+------+
; Property                        ; Setup ; Hold ;
+---------------------------------+-------+------+
; Illegal Clocks                  ; 0     ; 0    ;
; Unconstrained Clocks            ; 0     ; 0    ;
; Unconstrained Input Ports       ; 1     ; 1    ;
; Unconstrained Input Port Paths  ; 12    ; 12   ;
; Unconstrained Output Ports      ; 6     ; 6    ;
; Unconstrained Output Port Paths ; 6     ; 6    ;
+---------------------------------+-------+------+


+------------------------------------------------+
; Clock Status Summary                           ;
+-------------+-------------+------+-------------+
; Target      ; Clock       ; Type ; Status      ;
+-------------+-------------+------+-------------+
; clk_50      ; clk_50      ; Base ; Constrained ;
; clock_music ; clock_music ; Base ; Constrained ;
+-------------+-------------+------+-------------+


+---------------------------------------------------------------------------------------------------+
; Unconstrained Input Ports                                                                         ;
+------------+--------------------------------------------------------------------------------------+
; Input Port ; Comment                                                                              ;
+------------+--------------------------------------------------------------------------------------+
; resetn     ; No input delay, min/max delays, false-path exceptions, or max skew assignments found ;
+------------+--------------------------------------------------------------------------------------+


+-----------------------------------------------------------------------------------------------------+
; Unconstrained Output Ports                                                                          ;
+-------------+---------------------------------------------------------------------------------------+
; Output Port ; Comment                                                                               ;
+-------------+---------------------------------------------------------------------------------------+
; LED[0]      ; No output delay, min/max delays, false-path exceptions, or max skew assignments found ;
; LED[1]      ; No output delay, min/max delays, false-path exceptions, or max skew assignments found ;
; LED[2]      ; No output delay, min/max delays, false-path exceptions, or max skew assignments found ;
; LED[3]      ; No output delay, min/max delays, false-path exceptions, or max skew assignments found ;
; LED[6]      ; No output delay, min/max delays, false-path exceptions, or max skew assignments found ;
; toneOut     ; No output delay, min/max delays, false-path exceptions, or max skew assignments found ;
+-------------+---------------------------------------------------------------------------------------+


+---------------------------------------------------------------------------------------------------+
; Unconstrained Input Ports                                                                         ;
+------------+--------------------------------------------------------------------------------------+
; Input Port ; Comment                                                                              ;
+------------+--------------------------------------------------------------------------------------+
; resetn     ; No input delay, min/max delays, false-path exceptions, or max skew assignments found ;
+------------+--------------------------------------------------------------------------------------+


+-----------------------------------------------------------------------------------------------------+
; Unconstrained Output Ports                                                                          ;
+-------------+---------------------------------------------------------------------------------------+
; Output Port ; Comment                                                                               ;
+-------------+---------------------------------------------------------------------------------------+
; LED[0]      ; No output delay, min/max delays, false-path exceptions, or max skew assignments found ;
; LED[1]      ; No output delay, min/max delays, false-path exceptions, or max skew assignments found ;
; LED[2]      ; No output delay, min/max delays, false-path exceptions, or max skew assignments found ;
; LED[3]      ; No output delay, min/max delays, false-path exceptions, or max skew assignments found ;
; LED[6]      ; No output delay, min/max delays, false-path exceptions, or max skew assignments found ;
; toneOut     ; No output delay, min/max delays, false-path exceptions, or max skew assignments found ;
+-------------+---------------------------------------------------------------------------------------+


+--------------------------+
; Timing Analyzer Messages ;
+--------------------------+
Info: *******************************************************************
Info: Running Quartus Prime Timing Analyzer
    Info: Version 20.1.0 Build 711 06/05/2020 SJ Lite Edition
    Info: Processing started: Tue Apr 06 19:12:56 2021
Info: Command: quartus_sta music -c music
Info: qsta_default_script.tcl version: #1
Warning (18236): Number of processors has not been specified which may cause overloading on shared machines.  Set the global assignment NUM_PARALLEL_PROCESSORS in your QSF to an appropriate value for best performance.
Info (20030): Parallel compilation is enabled and will use 4 of the 4 processors detected
Info (21077): Low junction temperature is 0 degrees C
Info (21077): High junction temperature is 85 degrees C
Info (334003): Started post-fitting delay annotation
Info (334004): Delay annotation completed successfully
Critical Warning (332012): Synopsys Design Constraints File file not found: 'music.sdc'. A Synopsys Design Constraints File is required by the Timing Analyzer to get proper timing constraints. Without it, the Compiler will not properly optimize the design.
Info (332142): No user constrained base clocks found in the design. Calling "derive_clocks -period 1.0"
Info (332105): Deriving Clocks
    Info (332105): create_clock -period 1.000 -name clk_50 clk_50
    Info (332105): create_clock -period 1.000 -name clock_music clock_music
Info: Found TIMING_ANALYZER_REPORT_SCRIPT_INCLUDE_DEFAULT_ANALYSIS = ON
Info: Can't run Report Timing Closure Recommendations. The current device family is not supported.
Critical Warning (332148): Timing requirements not met
Info (332146): Worst-case setup slack is -11.865
    Info (332119):     Slack       End Point TNS Clock 
    Info (332119): ========= =================== =====================
    Info (332119):   -11.865            -101.542 clock_music 
    Info (332119):   -11.775            -596.927 clk_50 
Info (332146): Worst-case hold slack is -1.968
    Info (332119):     Slack       End Point TNS Clock 
    Info (332119): ========= =================== =====================
    Info (332119):    -1.968              -1.968 clk_50 
    Info (332119):     2.069               0.000 clock_music 
Info (332140): No Recovery paths to report
Info (332140): No Removal paths to report
Info (332146): Worst-case minimum pulse width slack is -2.289
    Info (332119):     Slack       End Point TNS Clock 
    Info (332119): ========= =================== =====================
    Info (332119):    -2.289              -2.289 clk_50 
    Info (332119):     0.234               0.000 clock_music 
Info (332001): The selected device family is not supported by the report_metastability command.
Info (332102): Design is not fully constrained for setup requirements
Info (332102): Design is not fully constrained for hold requirements
Info: Quartus Prime Timing Analyzer was successful. 0 errors, 3 warnings
    Info: Peak virtual memory: 4679 megabytes
    Info: Processing ended: Tue Apr 06 19:12:57 2021
    Info: Elapsed time: 00:00:01
    Info: Total CPU time (on all processors): 00:00:01


