Analysis & Synthesis report for music
Tue Apr 06 19:12:40 2021
Quartus Prime Version 20.1.0 Build 711 06/05/2020 SJ Lite Edition


---------------------
; Table of Contents ;
---------------------
  1. Legal Notice
  2. Analysis & Synthesis Summary
  3. Analysis & Synthesis Settings
  4. Parallel Compilation
  5. Analysis & Synthesis Source Files Read
  6. Analysis & Synthesis Resource Usage Summary
  7. Analysis & Synthesis Resource Utilization by Entity
  8. State Machine - |music|y_present
  9. Registers Removed During Synthesis
 10. General Register Statistics
 11. Inverted Register Statistics
 12. Multiplexer Restructuring Statistics (Restructuring Performed)
 13. Port Connectivity Checks: "toneGenerator:TG"
 14. Analysis & Synthesis Messages



----------------
; Legal Notice ;
----------------
Copyright (C) 2020  Intel Corporation. All rights reserved.
Your use of Intel Corporation's design tools, logic functions 
and other software and tools, and any partner logic 
functions, and any output files from any of the foregoing 
(including device programming or simulation files), and any 
associated documentation or information are expressly subject 
to the terms and conditions of the Intel Program License 
Subscription Agreement, the Intel Quartus Prime License Agreement,
the Intel FPGA IP License Agreement, or other applicable license
agreement, including, without limitation, that your use is for
the sole purpose of programming logic devices manufactured by
Intel and sold by Intel or its authorized distributors.  Please
refer to the applicable agreement for further details, at
https://fpgasoftware.intel.com/eula.



+---------------------------------------------------------------------------+
; Analysis & Synthesis Summary                                              ;
+-----------------------------+---------------------------------------------+
; Analysis & Synthesis Status ; Successful - Tue Apr 06 19:12:40 2021       ;
; Quartus Prime Version       ; 20.1.0 Build 711 06/05/2020 SJ Lite Edition ;
; Revision Name               ; music                                       ;
; Top-level Entity Name       ; music                                       ;
; Family                      ; MAX V                                       ;
; Total logic elements        ; 216                                         ;
; Total pins                  ; 11                                          ;
; Total virtual pins          ; 0                                           ;
; UFM blocks                  ; 0 / 1 ( 0 % )                               ;
+-----------------------------+---------------------------------------------+


+------------------------------------------------------------------------------------------------------------+
; Analysis & Synthesis Settings                                                                              ;
+------------------------------------------------------------------+--------------------+--------------------+
; Option                                                           ; Setting            ; Default Value      ;
+------------------------------------------------------------------+--------------------+--------------------+
; Device                                                           ; 5M1270ZT144C5      ;                    ;
; Top-level entity name                                            ; music              ; music              ;
; Family name                                                      ; MAX V              ; Cyclone V          ;
; Use smart compilation                                            ; Off                ; Off                ;
; Enable parallel Assembler and Timing Analyzer during compilation ; On                 ; On                 ;
; Enable compact report table                                      ; Off                ; Off                ;
; Restructure Multiplexers                                         ; Auto               ; Auto               ;
; Create Debugging Nodes for IP Cores                              ; Off                ; Off                ;
; Preserve fewer node names                                        ; On                 ; On                 ;
; Intel FPGA IP Evaluation Mode                                    ; Enable             ; Enable             ;
; Verilog Version                                                  ; Verilog_2001       ; Verilog_2001       ;
; VHDL Version                                                     ; VHDL_1993          ; VHDL_1993          ;
; State Machine Processing                                         ; Auto               ; Auto               ;
; Safe State Machine                                               ; Off                ; Off                ;
; Extract Verilog State Machines                                   ; On                 ; On                 ;
; Extract VHDL State Machines                                      ; On                 ; On                 ;
; Ignore Verilog initial constructs                                ; Off                ; Off                ;
; Iteration limit for constant Verilog loops                       ; 5000               ; 5000               ;
; Iteration limit for non-constant Verilog loops                   ; 250                ; 250                ;
; Add Pass-Through Logic to Inferred RAMs                          ; On                 ; On                 ;
; Infer RAMs from Raw Logic                                        ; On                 ; On                 ;
; Parallel Synthesis                                               ; On                 ; On                 ;
; NOT Gate Push-Back                                               ; On                 ; On                 ;
; Power-Up Don't Care                                              ; On                 ; On                 ;
; Remove Redundant Logic Cells                                     ; Off                ; Off                ;
; Remove Duplicate Registers                                       ; On                 ; On                 ;
; Ignore CARRY Buffers                                             ; Off                ; Off                ;
; Ignore CASCADE Buffers                                           ; Off                ; Off                ;
; Ignore GLOBAL Buffers                                            ; Off                ; Off                ;
; Ignore ROW GLOBAL Buffers                                        ; Off                ; Off                ;
; Ignore LCELL Buffers                                             ; Off                ; Off                ;
; Ignore SOFT Buffers                                              ; On                 ; On                 ;
; Limit AHDL Integers to 32 Bits                                   ; Off                ; Off                ;
; Optimization Technique                                           ; Balanced           ; Balanced           ;
; Carry Chain Length                                               ; 70                 ; 70                 ;
; Auto Carry Chains                                                ; On                 ; On                 ;
; Auto Open-Drain Pins                                             ; On                 ; On                 ;
; Perform WYSIWYG Primitive Resynthesis                            ; Off                ; Off                ;
; Auto Shift Register Replacement                                  ; Auto               ; Auto               ;
; Allow Shift Register Merging across Hierarchies                  ; Auto               ; Auto               ;
; Auto Clock Enable Replacement                                    ; On                 ; On                 ;
; Allow Synchronous Control Signals                                ; On                 ; On                 ;
; Force Use of Synchronous Clear Signals                           ; Off                ; Off                ;
; Auto Resource Sharing                                            ; Off                ; Off                ;
; Use LogicLock Constraints during Resource Balancing              ; On                 ; On                 ;
; Ignore translate_off and synthesis_off directives                ; Off                ; Off                ;
; Report Parameter Settings                                        ; On                 ; On                 ;
; Report Source Assignments                                        ; On                 ; On                 ;
; Report Connectivity Checks                                       ; On                 ; On                 ;
; Ignore Maximum Fan-Out Assignments                               ; Off                ; Off                ;
; Synchronization Register Chain Length                            ; 2                  ; 2                  ;
; Power Optimization During Synthesis                              ; Normal compilation ; Normal compilation ;
; HDL message level                                                ; Level2             ; Level2             ;
; Suppress Register Optimization Related Messages                  ; Off                ; Off                ;
; Number of Removed Registers Reported in Synthesis Report         ; 5000               ; 5000               ;
; Number of Swept Nodes Reported in Synthesis Report               ; 5000               ; 5000               ;
; Number of Inverted Registers Reported in Synthesis Report        ; 100                ; 100                ;
; Clock MUX Protection                                             ; On                 ; On                 ;
; Block Design Naming                                              ; Auto               ; Auto               ;
; Synthesis Effort                                                 ; Auto               ; Auto               ;
; Shift Register Replacement - Allow Asynchronous Clear Signal     ; On                 ; On                 ;
; Analysis & Synthesis Message Level                               ; Medium             ; Medium             ;
; Disable Register Merging Across Hierarchies                      ; Auto               ; Auto               ;
+------------------------------------------------------------------+--------------------+--------------------+


+------------------------------------------+
; Parallel Compilation                     ;
+----------------------------+-------------+
; Processors                 ; Number      ;
+----------------------------+-------------+
; Number detected on machine ; 8           ;
; Maximum allowed            ; 4           ;
;                            ;             ;
; Average used               ; 1.00        ;
; Maximum used               ; 1           ;
;                            ;             ;
; Usage by Processor         ; % Time Used ;
;     Processor 1            ; 100.0%      ;
+----------------------------+-------------+


+---------------------------------------------------------------------------------------------------------------------------------------------------+
; Analysis & Synthesis Source Files Read                                                                                                            ;
+----------------------------------+-----------------+-----------------+------------------------------------------------------------------+---------+
; File Name with User-Entered Path ; Used in Netlist ; File Type       ; File Name with Absolute Path                                     ; Library ;
+----------------------------------+-----------------+-----------------+------------------------------------------------------------------+---------+
; toneGenerator.vhd                ; yes             ; User VHDL File  ; D:/Vineet/2021 Spring Semester/EE214/AutoMusic/toneGenerator.vhd ;         ;
; music.vhd                        ; yes             ; User VHDL File  ; D:/Vineet/2021 Spring Semester/EE214/AutoMusic/music.vhd         ;         ;
+----------------------------------+-----------------+-----------------+------------------------------------------------------------------+---------+


+------------------------------------------------------+
; Analysis & Synthesis Resource Usage Summary          ;
+---------------------------------------------+--------+
; Resource                                    ; Usage  ;
+---------------------------------------------+--------+
; Total logic elements                        ; 216    ;
;     -- Combinational with no register       ; 142    ;
;     -- Register only                        ; 3      ;
;     -- Combinational with a register        ; 71     ;
;                                             ;        ;
; Logic element usage by number of LUT inputs ;        ;
;     -- 4 input functions                    ; 80     ;
;     -- 3 input functions                    ; 58     ;
;     -- 2 input functions                    ; 70     ;
;     -- 1 input functions                    ; 4      ;
;     -- 0 input functions                    ; 1      ;
;                                             ;        ;
; Logic elements by mode                      ;        ;
;     -- normal mode                          ; 159    ;
;     -- arithmetic mode                      ; 57     ;
;     -- qfbk mode                            ; 0      ;
;     -- register cascade mode                ; 0      ;
;     -- synchronous clear/load mode          ; 36     ;
;     -- asynchronous clear/load mode         ; 0      ;
;                                             ;        ;
; Total registers                             ; 74     ;
; Total logic cells in carry chains           ; 60     ;
; I/O pins                                    ; 11     ;
; Maximum fan-out node                        ; clk_50 ;
; Maximum fan-out                             ; 62     ;
; Total fan-out                               ; 809    ;
; Average fan-out                             ; 3.56   ;
+---------------------------------------------+--------+


+------------------------------------------------------------------------------------------------------------------------------------------------------------------------------------------------------------------------------------------+
; Analysis & Synthesis Resource Utilization by Entity                                                                                                                                                                                      ;
+----------------------------+-------------+--------------+------------+------+--------------+--------------+-------------------+------------------+-----------------+------------+-------------------------+---------------+--------------+
; Compilation Hierarchy Node ; Logic Cells ; LC Registers ; UFM Blocks ; Pins ; Virtual Pins ; LUT-Only LCs ; Register-Only LCs ; LUT/Register LCs ; Carry Chain LCs ; Packed LCs ; Full Hierarchy Name     ; Entity Name   ; Library Name ;
+----------------------------+-------------+--------------+------------+------+--------------+--------------+-------------------+------------------+-----------------+------------+-------------------------+---------------+--------------+
; |music                     ; 216 (101)   ; 74           ; 0          ; 11   ; 0            ; 142 (61)     ; 3 (0)             ; 71 (40)          ; 60 (33)         ; 0 (0)      ; |music                  ; music         ; work         ;
;    |toneGenerator:TG|      ; 115 (115)   ; 34           ; 0          ; 0    ; 0            ; 81 (81)      ; 3 (3)             ; 31 (31)          ; 27 (27)         ; 0 (0)      ; |music|toneGenerator:TG ; toneGenerator ; work         ;
+----------------------------+-------------+--------------+------------+------+--------------+--------------+-------------------+------------------+-----------------+------------+-------------------------+---------------+--------------+
Note: For table entries with two numbers listed, the numbers in parentheses indicate the number of resources of the given type used by the specific entity alone. The numbers listed outside of parentheses indicate the total resources of the given type used by the specific entity and all of its sub-entities in the hierarchy.


Encoding Type:  One-Hot
+----------------------------------------------------------------------------------------------------------------+
; State Machine - |music|y_present                                                                               ;
+------------------+--------------+--------------+--------------+--------------+--------------+------------------+
; Name             ; y_present.Ma ; y_present.Ga ; y_present.Re ; y_present.Sa ; y_present.Ni ; y_present.Silent ;
+------------------+--------------+--------------+--------------+--------------+--------------+------------------+
; y_present.Silent ; 0            ; 0            ; 0            ; 0            ; 0            ; 0                ;
; y_present.Ni     ; 0            ; 0            ; 0            ; 0            ; 1            ; 1                ;
; y_present.Sa     ; 0            ; 0            ; 0            ; 1            ; 0            ; 1                ;
; y_present.Re     ; 0            ; 0            ; 1            ; 0            ; 0            ; 1                ;
; y_present.Ga     ; 0            ; 1            ; 0            ; 0            ; 0            ; 1                ;
; y_present.Ma     ; 1            ; 0            ; 0            ; 0            ; 0            ; 1                ;
+------------------+--------------+--------------+--------------+--------------+--------------+------------------+


+--------------------------------------------------------------------------------+
; Registers Removed During Synthesis                                             ;
+---------------------------------------+----------------------------------------+
; Register name                         ; Reason for Removal                     ;
+---------------------------------------+----------------------------------------+
; toneGenerator:TG|LED[4,5,7]           ; Stuck at GND due to stuck port data_in ;
; Total Number of Removed Registers = 3 ;                                        ;
+---------------------------------------+----------------------------------------+


+------------------------------------------------------+
; General Register Statistics                          ;
+----------------------------------------------+-------+
; Statistic                                    ; Value ;
+----------------------------------------------+-------+
; Total registers                              ; 74    ;
; Number of registers using Synchronous Clear  ; 9     ;
; Number of registers using Synchronous Load   ; 27    ;
; Number of registers using Asynchronous Clear ; 0     ;
; Number of registers using Asynchronous Load  ; 0     ;
; Number of registers using Clock Enable       ; 26    ;
; Number of registers using Preset             ; 0     ;
+----------------------------------------------+-------+


+--------------------------------------------------+
; Inverted Register Statistics                     ;
+----------------------------------------+---------+
; Inverted Register                      ; Fan out ;
+----------------------------------------+---------+
; toneGenerator:TG|outTone               ; 5       ;
; toneGenerator:TG|timecounter[0]        ; 6       ;
; clock_music                            ; 13      ;
; Total number of inverted registers = 3 ;         ;
+----------------------------------------+---------+


+-------------------------------------------------------------------------------------------------------------------------------------------------------+
; Multiplexer Restructuring Statistics (Restructuring Performed)                                                                                        ;
+--------------------+-----------+---------------+----------------------+------------------------+------------+-----------------------------------------+
; Multiplexer Inputs ; Bus Width ; Baseline Area ; Area if Restructured ; Saving if Restructured ; Registered ; Example Multiplexer Output              ;
+--------------------+-----------+---------------+----------------------+------------------------+------------+-----------------------------------------+
; 3:1                ; 6 bits    ; 12 LEs        ; 6 LEs                ; 6 LEs                  ; Yes        ; |music|count[5]                         ;
; 11:1               ; 26 bits   ; 182 LEs       ; 26 LEs               ; 156 LEs                ; Yes        ; |music|toneGenerator:TG|timecounter[18] ;
; 20:1               ; 4 bits    ; 52 LEs        ; 40 LEs               ; 12 LEs                 ; No         ; |music|y_present                        ;
; 21:1               ; 2 bits    ; 28 LEs        ; 18 LEs               ; 10 LEs                 ; No         ; |music|y_present                        ;
+--------------------+-----------+---------------+----------------------+------------------------+------------+-----------------------------------------+


+------------------------------------------------+
; Port Connectivity Checks: "toneGenerator:TG"   ;
+--------------+-------+----------+--------------+
; Port         ; Type  ; Severity ; Details      ;
+--------------+-------+----------+--------------+
; switch[5..4] ; Input ; Info     ; Stuck at GND ;
; switch[7]    ; Input ; Info     ; Stuck at GND ;
+--------------+-------+----------+--------------+


+-------------------------------+
; Analysis & Synthesis Messages ;
+-------------------------------+
Info: *******************************************************************
Info: Running Quartus Prime Analysis & Synthesis
    Info: Version 20.1.0 Build 711 06/05/2020 SJ Lite Edition
    Info: Processing started: Tue Apr 06 19:12:26 2021
Info: Command: quartus_map --read_settings_files=on --write_settings_files=off music -c music
Warning (18236): Number of processors has not been specified which may cause overloading on shared machines.  Set the global assignment NUM_PARALLEL_PROCESSORS in your QSF to an appropriate value for best performance.
Info (20030): Parallel compilation is enabled and will use 4 of the 4 processors detected
Info (12021): Found 2 design units, including 1 entities, in source file tonegenerator.vhd
    Info (12022): Found design unit 1: toneGenerator-bhv File: D:/Vineet/2021 Spring Semester/EE214/AutoMusic/toneGenerator.vhd Line: 11
    Info (12023): Found entity 1: toneGenerator File: D:/Vineet/2021 Spring Semester/EE214/AutoMusic/toneGenerator.vhd Line: 4
Info (12021): Found 2 design units, including 1 entities, in source file song_tb.vhd
    Info (12022): Found design unit 1: song_tb-testbench File: D:/Vineet/2021 Spring Semester/EE214/AutoMusic/song_tb.vhd Line: 9
    Info (12023): Found entity 1: song_tb File: D:/Vineet/2021 Spring Semester/EE214/AutoMusic/song_tb.vhd Line: 5
Info (12021): Found 2 design units, including 1 entities, in source file music.vhd
    Info (12022): Found design unit 1: music-fsm File: D:/Vineet/2021 Spring Semester/EE214/AutoMusic/music.vhd Line: 10
    Info (12023): Found entity 1: music File: D:/Vineet/2021 Spring Semester/EE214/AutoMusic/music.vhd Line: 4
Info (12127): Elaborating entity "music" for the top level hierarchy
Warning (10036): Verilog HDL or VHDL warning at music.vhd(34): object "n_count" assigned a value but never read File: D:/Vineet/2021 Spring Semester/EE214/AutoMusic/music.vhd Line: 34
Warning (10492): VHDL Process Statement warning at music.vhd(38): signal "y_present" is read inside the Process Statement but isn't in the Process Statement's sensitivity list File: D:/Vineet/2021 Spring Semester/EE214/AutoMusic/music.vhd Line: 38
Warning (10492): VHDL Process Statement warning at music.vhd(41): signal "y_present" is read inside the Process Statement but isn't in the Process Statement's sensitivity list File: D:/Vineet/2021 Spring Semester/EE214/AutoMusic/music.vhd Line: 41
Info (12128): Elaborating entity "toneGenerator" for hierarchy "toneGenerator:TG" File: D:/Vineet/2021 Spring Semester/EE214/AutoMusic/music.vhd Line: 125
Warning (13024): Output pins are stuck at VCC or GND
    Warning (13410): Pin "LED[4]" is stuck at GND File: D:/Vineet/2021 Spring Semester/EE214/AutoMusic/music.vhd Line: 7
    Warning (13410): Pin "LED[5]" is stuck at GND File: D:/Vineet/2021 Spring Semester/EE214/AutoMusic/music.vhd Line: 7
    Warning (13410): Pin "LED[7]" is stuck at GND File: D:/Vineet/2021 Spring Semester/EE214/AutoMusic/music.vhd Line: 7
Info (21057): Implemented 227 device resources after synthesis - the final resource count might be different
    Info (21058): Implemented 2 input pins
    Info (21059): Implemented 9 output pins
    Info (21061): Implemented 216 logic cells
Info: Quartus Prime Analysis & Synthesis was successful. 0 errors, 8 warnings
    Info: Peak virtual memory: 4751 megabytes
    Info: Processing ended: Tue Apr 06 19:12:40 2021
    Info: Elapsed time: 00:00:14
    Info: Total CPU time (on all processors): 00:00:25


